[2017-09-22 11:01:54,208] INFO [Group Metadata Manager on Broker 0]: Removed 0 expired offsets in 0 milliseconds. (kafka.coordinator.group.GroupMetadataManager)
[2017-09-22 11:11:54,188] INFO [Group Metadata Manager on Broker 0]: Removed 0 expired offsets in 0 milliseconds. (kafka.coordinator.group.GroupMetadataManager)
[2017-09-22 11:21:54,166] INFO [Group Metadata Manager on Broker 0]: Removed 0 expired offsets in 0 milliseconds. (kafka.coordinator.group.GroupMetadataManager)
[2017-09-22 11:31:54,145] INFO [Group Metadata Manager on Broker 0]: Removed 0 expired offsets in 0 milliseconds. (kafka.coordinator.group.GroupMetadataManager)
[2017-09-22 11:41:54,125] INFO [Group Metadata Manager on Broker 0]: Removed 0 expired offsets in 0 milliseconds. (kafka.coordinator.group.GroupMetadataManager)
[2017-09-22 11:49:53,868] INFO [Kafka Server 0], shutting down (kafka.server.KafkaServer)
[2017-09-22 11:49:53,869] INFO [Kafka Server 0], Starting controlled shutdown (kafka.server.KafkaServer)
[2017-09-22 11:50:23,881] WARN [Kafka Server 0], Error during controlled shutdown, possibly because leader movement took longer than the configured controller.socket.timeout.ms and/or request.timeout.ms: Failed to connect within 30000 ms (kafka.server.KafkaServer)
[2017-09-22 11:50:28,886] WARN [Kafka Server 0], Retrying controlled shutdown after the previous attempt failed... (kafka.server.KafkaServer)
[2017-09-22 11:50:58,895] WARN [Kafka Server 0], Error during controlled shutdown, possibly because leader movement took longer than the configured controller.socket.timeout.ms and/or request.timeout.ms: Failed to connect within 30000 ms (kafka.server.KafkaServer)
[2017-09-22 11:51:03,896] WARN [Kafka Server 0], Retrying controlled shutdown after the previous attempt failed... (kafka.server.KafkaServer)
[2017-09-22 11:51:33,907] WARN [Kafka Server 0], Error during controlled shutdown, possibly because leader movement took longer than the configured controller.socket.timeout.ms and/or request.timeout.ms: Failed to connect within 30000 ms (kafka.server.KafkaServer)
[2017-09-22 11:51:38,909] WARN [Kafka Server 0], Retrying controlled shutdown after the previous attempt failed... (kafka.server.KafkaServer)
[2017-09-22 11:51:38,911] WARN [Kafka Server 0], Proceeding to do an unclean shutdown as all the controlled shutdown attempts failed (kafka.server.KafkaServer)
[2017-09-22 11:51:38,914] INFO [Socket Server on Broker 0], Shutting down (kafka.network.SocketServer)
[2017-09-22 11:51:38,922] INFO [Socket Server on Broker 0], Shutdown completed (kafka.network.SocketServer)
[2017-09-22 11:51:38,923] INFO [Kafka Request Handler on Broker 0], shutting down (kafka.server.KafkaRequestHandlerPool)
[2017-09-22 11:51:38,926] INFO [Kafka Request Handler on Broker 0], shut down completely (kafka.server.KafkaRequestHandlerPool)
[2017-09-22 11:51:38,928] INFO [ThrottledRequestReaper-Fetch]: Shutting down (kafka.server.ClientQuotaManager$ThrottledRequestReaper)
[2017-09-22 11:51:39,569] INFO [ThrottledRequestReaper-Fetch]: Stopped (kafka.server.ClientQuotaManager$ThrottledRequestReaper)
[2017-09-22 11:51:39,569] INFO [ThrottledRequestReaper-Fetch]: Shutdown completed (kafka.server.ClientQuotaManager$ThrottledRequestReaper)
[2017-09-22 11:51:39,578] INFO [ThrottledRequestReaper-Produce]: Shutting down (kafka.server.ClientQuotaManager$ThrottledRequestReaper)
[2017-09-22 11:51:40,419] INFO [ThrottledRequestReaper-Produce]: Stopped (kafka.server.ClientQuotaManager$ThrottledRequestReaper)
[2017-09-22 11:51:40,419] INFO [ThrottledRequestReaper-Produce]: Shutdown completed (kafka.server.ClientQuotaManager$ThrottledRequestReaper)
[2017-09-22 11:51:40,419] INFO [ThrottledRequestReaper-Request]: Shutting down (kafka.server.ClientQuotaManager$ThrottledRequestReaper)
[2017-09-22 11:51:40,573] INFO [ThrottledRequestReaper-Request]: Stopped (kafka.server.ClientQuotaManager$ThrottledRequestReaper)
[2017-09-22 11:51:40,573] INFO [ThrottledRequestReaper-Request]: Shutdown completed (kafka.server.ClientQuotaManager$ThrottledRequestReaper)
[2017-09-22 11:51:40,574] INFO [KafkaApi-0] Shutdown complete. (kafka.server.KafkaApis)
[2017-09-22 11:51:40,574] INFO [ExpirationReaper-0-topic]: Shutting down (kafka.server.DelayedOperationPurgatory$ExpiredOperationReaper)
[2017-09-22 11:51:40,643] INFO [ExpirationReaper-0-topic]: Stopped (kafka.server.DelayedOperationPurgatory$ExpiredOperationReaper)
[2017-09-22 11:51:40,643] INFO [ExpirationReaper-0-topic]: Shutdown completed (kafka.server.DelayedOperationPurgatory$ExpiredOperationReaper)
[2017-09-22 11:51:40,645] INFO [Transaction Coordinator 0]: Shutting down. (kafka.coordinator.transaction.TransactionCoordinator)
[2017-09-22 11:51:40,647] INFO [ProducerId Manager 0]: Shutdown complete: last producerId assigned 1000 (kafka.coordinator.transaction.ProducerIdManager)
[2017-09-22 11:51:40,648] INFO [Transaction State Manager 0]: Shutdown complete (kafka.coordinator.transaction.TransactionStateManager)
[2017-09-22 11:51:40,648] INFO [Transaction Marker Channel Manager 0]: Shutting down (kafka.coordinator.transaction.TransactionMarkerChannelManager)
[2017-09-22 11:51:40,648] INFO [Transaction Marker Channel Manager 0]: Stopped (kafka.coordinator.transaction.TransactionMarkerChannelManager)
[2017-09-22 11:51:40,648] INFO [Transaction Marker Channel Manager 0]: Shutdown completed (kafka.coordinator.transaction.TransactionMarkerChannelManager)
[2017-09-22 11:51:40,648] INFO [Transaction Coordinator 0]: Shutdown complete. (kafka.coordinator.transaction.TransactionCoordinator)
[2017-09-22 11:51:40,649] INFO [GroupCoordinator 0]: Shutting down. (kafka.coordinator.group.GroupCoordinator)
[2017-09-22 11:51:40,649] INFO [ExpirationReaper-0-Heartbeat]: Shutting down (kafka.server.DelayedOperationPurgatory$ExpiredOperationReaper)
[2017-09-22 11:51:40,846] INFO [ExpirationReaper-0-Heartbeat]: Stopped (kafka.server.DelayedOperationPurgatory$ExpiredOperationReaper)
[2017-09-22 11:51:40,846] INFO [ExpirationReaper-0-Heartbeat]: Shutdown completed (kafka.server.DelayedOperationPurgatory$ExpiredOperationReaper)
[2017-09-22 11:51:40,847] INFO [ExpirationReaper-0-Rebalance]: Shutting down (kafka.server.DelayedOperationPurgatory$ExpiredOperationReaper)
[2017-09-22 11:51:41,007] INFO [ExpirationReaper-0-Rebalance]: Stopped (kafka.server.DelayedOperationPurgatory$ExpiredOperationReaper)
[2017-09-22 11:51:41,008] INFO [ExpirationReaper-0-Rebalance]: Shutdown completed (kafka.server.DelayedOperationPurgatory$ExpiredOperationReaper)
[2017-09-22 11:51:41,008] INFO [GroupCoordinator 0]: Shutdown complete. (kafka.coordinator.group.GroupCoordinator)
[2017-09-22 11:51:41,011] INFO [Replica Manager on Broker 0]: Shutting down (kafka.server.ReplicaManager)
[2017-09-22 11:51:41,011] INFO [ReplicaFetcherManager on broker 0] shutting down (kafka.server.ReplicaFetcherManager)
[2017-09-22 11:51:41,013] INFO [ReplicaFetcherManager on broker 0] shutdown completed (kafka.server.ReplicaFetcherManager)
[2017-09-22 11:51:41,013] INFO [ExpirationReaper-0-Fetch]: Shutting down (kafka.server.DelayedOperationPurgatory$ExpiredOperationReaper)
[2017-09-22 11:51:41,050] INFO [ExpirationReaper-0-Fetch]: Stopped (kafka.server.DelayedOperationPurgatory$ExpiredOperationReaper)
[2017-09-22 11:51:41,050] INFO [ExpirationReaper-0-Fetch]: Shutdown completed (kafka.server.DelayedOperationPurgatory$ExpiredOperationReaper)
[2017-09-22 11:51:41,050] INFO [ExpirationReaper-0-Produce]: Shutting down (kafka.server.DelayedOperationPurgatory$ExpiredOperationReaper)
[2017-09-22 11:51:41,212] INFO [ExpirationReaper-0-Produce]: Stopped (kafka.server.DelayedOperationPurgatory$ExpiredOperationReaper)
[2017-09-22 11:51:41,212] INFO [ExpirationReaper-0-Produce]: Shutdown completed (kafka.server.DelayedOperationPurgatory$ExpiredOperationReaper)
[2017-09-22 11:51:41,212] INFO [ExpirationReaper-0-DeleteRecords]: Shutting down (kafka.server.DelayedOperationPurgatory$ExpiredOperationReaper)
[2017-09-22 11:51:41,254] INFO [ExpirationReaper-0-DeleteRecords]: Stopped (kafka.server.DelayedOperationPurgatory$ExpiredOperationReaper)
[2017-09-22 11:51:41,254] INFO [ExpirationReaper-0-DeleteRecords]: Shutdown completed (kafka.server.DelayedOperationPurgatory$ExpiredOperationReaper)
[2017-09-22 11:51:41,257] INFO [Replica Manager on Broker 0]: Shut down completely (kafka.server.ReplicaManager)
[2017-09-22 11:51:41,258] INFO Shutting down. (kafka.log.LogManager)
[2017-09-22 11:51:41,308] INFO Shutdown complete. (kafka.log.LogManager)
[2017-09-22 11:51:41,311] INFO Terminate ZkClient event thread. (org.I0Itec.zkclient.ZkEventThread)
[2017-09-22 11:51:41,334] INFO Session: 0x15e9b5ce5d10011 closed (org.apache.zookeeper.ZooKeeper)
[2017-09-22 11:51:41,335] INFO EventThread shut down for session: 0x15e9b5ce5d10011 (org.apache.zookeeper.ClientCnxn)
[2017-09-22 11:51:41,338] INFO [Kafka Server 0], shut down completed (kafka.server.KafkaServer)
