[2017-09-22 10:59:13,944] TRACE Broker 0 cached leader info (LeaderAndIsrInfo:(Leader:0,ISR:0,LeaderEpoch:3,ControllerEpoch:6),ReplicationFactor:1),AllReplicas:0) for partition __consumer_offsets-13 in response to UpdateMetadata request sent by controller 0 epoch 14 with correlation id 0 (state.change.logger)
[2017-09-22 10:59:13,946] TRACE Broker 0 cached leader info (LeaderAndIsrInfo:(Leader:0,ISR:0,LeaderEpoch:3,ControllerEpoch:6),ReplicationFactor:1),AllReplicas:0) for partition __consumer_offsets-46 in response to UpdateMetadata request sent by controller 0 epoch 14 with correlation id 0 (state.change.logger)
[2017-09-22 10:59:13,947] TRACE Broker 0 cached leader info (LeaderAndIsrInfo:(Leader:0,ISR:0,LeaderEpoch:3,ControllerEpoch:6),ReplicationFactor:1),AllReplicas:0) for partition __consumer_offsets-9 in response to UpdateMetadata request sent by controller 0 epoch 14 with correlation id 0 (state.change.logger)
[2017-09-22 10:59:13,947] TRACE Broker 0 cached leader info (LeaderAndIsrInfo:(Leader:0,ISR:0,LeaderEpoch:3,ControllerEpoch:6),ReplicationFactor:1),AllReplicas:0) for partition __consumer_offsets-42 in response to UpdateMetadata request sent by controller 0 epoch 14 with correlation id 0 (state.change.logger)
[2017-09-22 10:59:13,947] TRACE Broker 0 cached leader info (LeaderAndIsrInfo:(Leader:0,ISR:0,LeaderEpoch:3,ControllerEpoch:6),ReplicationFactor:1),AllReplicas:0) for partition __consumer_offsets-21 in response to UpdateMetadata request sent by controller 0 epoch 14 with correlation id 0 (state.change.logger)
[2017-09-22 10:59:13,947] TRACE Broker 0 cached leader info (LeaderAndIsrInfo:(Leader:0,ISR:0,LeaderEpoch:3,ControllerEpoch:6),ReplicationFactor:1),AllReplicas:0) for partition __consumer_offsets-17 in response to UpdateMetadata request sent by controller 0 epoch 14 with correlation id 0 (state.change.logger)
[2017-09-22 10:59:13,947] TRACE Broker 0 cached leader info (LeaderAndIsrInfo:(Leader:0,ISR:0,LeaderEpoch:3,ControllerEpoch:6),ReplicationFactor:1),AllReplicas:0) for partition __consumer_offsets-30 in response to UpdateMetadata request sent by controller 0 epoch 14 with correlation id 0 (state.change.logger)
[2017-09-22 10:59:13,947] TRACE Broker 0 cached leader info (LeaderAndIsrInfo:(Leader:0,ISR:0,LeaderEpoch:3,ControllerEpoch:6),ReplicationFactor:1),AllReplicas:0) for partition __consumer_offsets-26 in response to UpdateMetadata request sent by controller 0 epoch 14 with correlation id 0 (state.change.logger)
[2017-09-22 10:59:13,947] TRACE Broker 0 cached leader info (LeaderAndIsrInfo:(Leader:0,ISR:0,LeaderEpoch:3,ControllerEpoch:6),ReplicationFactor:1),AllReplicas:0) for partition __consumer_offsets-5 in response to UpdateMetadata request sent by controller 0 epoch 14 with correlation id 0 (state.change.logger)
[2017-09-22 10:59:13,947] TRACE Broker 0 cached leader info (LeaderAndIsrInfo:(Leader:0,ISR:0,LeaderEpoch:3,ControllerEpoch:6),ReplicationFactor:1),AllReplicas:0) for partition __consumer_offsets-38 in response to UpdateMetadata request sent by controller 0 epoch 14 with correlation id 0 (state.change.logger)
[2017-09-22 10:59:13,947] TRACE Broker 0 cached leader info (LeaderAndIsrInfo:(Leader:0,ISR:0,LeaderEpoch:3,ControllerEpoch:6),ReplicationFactor:1),AllReplicas:0) for partition __consumer_offsets-1 in response to UpdateMetadata request sent by controller 0 epoch 14 with correlation id 0 (state.change.logger)
[2017-09-22 10:59:13,947] TRACE Broker 0 cached leader info (LeaderAndIsrInfo:(Leader:0,ISR:0,LeaderEpoch:3,ControllerEpoch:6),ReplicationFactor:1),AllReplicas:0) for partition __consumer_offsets-34 in response to UpdateMetadata request sent by controller 0 epoch 14 with correlation id 0 (state.change.logger)
[2017-09-22 10:59:13,947] TRACE Broker 0 cached leader info (LeaderAndIsrInfo:(Leader:0,ISR:0,LeaderEpoch:3,ControllerEpoch:6),ReplicationFactor:1),AllReplicas:0) for partition __consumer_offsets-16 in response to UpdateMetadata request sent by controller 0 epoch 14 with correlation id 0 (state.change.logger)
[2017-09-22 10:59:13,947] TRACE Broker 0 cached leader info (LeaderAndIsrInfo:(Leader:0,ISR:0,LeaderEpoch:3,ControllerEpoch:6),ReplicationFactor:1),AllReplicas:0) for partition __consumer_offsets-45 in response to UpdateMetadata request sent by controller 0 epoch 14 with correlation id 0 (state.change.logger)
[2017-09-22 10:59:13,947] TRACE Broker 0 cached leader info (LeaderAndIsrInfo:(Leader:0,ISR:0,LeaderEpoch:3,ControllerEpoch:6),ReplicationFactor:1),AllReplicas:0) for partition __consumer_offsets-12 in response to UpdateMetadata request sent by controller 0 epoch 14 with correlation id 0 (state.change.logger)
[2017-09-22 10:59:13,947] TRACE Broker 0 cached leader info (LeaderAndIsrInfo:(Leader:0,ISR:0,LeaderEpoch:3,ControllerEpoch:6),ReplicationFactor:1),AllReplicas:0) for partition __consumer_offsets-41 in response to UpdateMetadata request sent by controller 0 epoch 14 with correlation id 0 (state.change.logger)
[2017-09-22 10:59:13,947] TRACE Broker 0 cached leader info (LeaderAndIsrInfo:(Leader:0,ISR:0,LeaderEpoch:3,ControllerEpoch:6),ReplicationFactor:1),AllReplicas:0) for partition __consumer_offsets-24 in response to UpdateMetadata request sent by controller 0 epoch 14 with correlation id 0 (state.change.logger)
[2017-09-22 10:59:13,947] TRACE Broker 0 cached leader info (LeaderAndIsrInfo:(Leader:0,ISR:0,LeaderEpoch:1,ControllerEpoch:6),ReplicationFactor:1),AllReplicas:0) for partition kafka-demo-0 in response to UpdateMetadata request sent by controller 0 epoch 14 with correlation id 0 (state.change.logger)
[2017-09-22 10:59:13,947] TRACE Broker 0 cached leader info (LeaderAndIsrInfo:(Leader:0,ISR:0,LeaderEpoch:3,ControllerEpoch:6),ReplicationFactor:1),AllReplicas:0) for partition __consumer_offsets-20 in response to UpdateMetadata request sent by controller 0 epoch 14 with correlation id 0 (state.change.logger)
[2017-09-22 10:59:13,947] TRACE Broker 0 cached leader info (LeaderAndIsrInfo:(Leader:0,ISR:0,LeaderEpoch:3,ControllerEpoch:6),ReplicationFactor:1),AllReplicas:0) for partition __consumer_offsets-49 in response to UpdateMetadata request sent by controller 0 epoch 14 with correlation id 0 (state.change.logger)
[2017-09-22 10:59:13,947] TRACE Broker 0 cached leader info (LeaderAndIsrInfo:(Leader:0,ISR:0,LeaderEpoch:3,ControllerEpoch:6),ReplicationFactor:1),AllReplicas:0) for partition __consumer_offsets-0 in response to UpdateMetadata request sent by controller 0 epoch 14 with correlation id 0 (state.change.logger)
[2017-09-22 10:59:13,947] TRACE Broker 0 cached leader info (LeaderAndIsrInfo:(Leader:0,ISR:0,LeaderEpoch:3,ControllerEpoch:6),ReplicationFactor:1),AllReplicas:0) for partition __consumer_offsets-29 in response to UpdateMetadata request sent by controller 0 epoch 14 with correlation id 0 (state.change.logger)
[2017-09-22 10:59:13,947] TRACE Broker 0 cached leader info (LeaderAndIsrInfo:(Leader:0,ISR:0,LeaderEpoch:3,ControllerEpoch:6),ReplicationFactor:1),AllReplicas:0) for partition __consumer_offsets-25 in response to UpdateMetadata request sent by controller 0 epoch 14 with correlation id 0 (state.change.logger)
[2017-09-22 10:59:13,947] TRACE Broker 0 cached leader info (LeaderAndIsrInfo:(Leader:0,ISR:0,LeaderEpoch:3,ControllerEpoch:6),ReplicationFactor:1),AllReplicas:0) for partition __consumer_offsets-8 in response to UpdateMetadata request sent by controller 0 epoch 14 with correlation id 0 (state.change.logger)
[2017-09-22 10:59:13,947] TRACE Broker 0 cached leader info (LeaderAndIsrInfo:(Leader:0,ISR:0,LeaderEpoch:3,ControllerEpoch:6),ReplicationFactor:1),AllReplicas:0) for partition __consumer_offsets-37 in response to UpdateMetadata request sent by controller 0 epoch 14 with correlation id 0 (state.change.logger)
[2017-09-22 10:59:13,947] TRACE Broker 0 cached leader info (LeaderAndIsrInfo:(Leader:0,ISR:0,LeaderEpoch:3,ControllerEpoch:6),ReplicationFactor:1),AllReplicas:0) for partition __consumer_offsets-4 in response to UpdateMetadata request sent by controller 0 epoch 14 with correlation id 0 (state.change.logger)
[2017-09-22 10:59:13,947] TRACE Broker 0 cached leader info (LeaderAndIsrInfo:(Leader:0,ISR:0,LeaderEpoch:3,ControllerEpoch:6),ReplicationFactor:1),AllReplicas:0) for partition __consumer_offsets-33 in response to UpdateMetadata request sent by controller 0 epoch 14 with correlation id 0 (state.change.logger)
[2017-09-22 10:59:13,947] TRACE Broker 0 cached leader info (LeaderAndIsrInfo:(Leader:0,ISR:0,LeaderEpoch:3,ControllerEpoch:6),ReplicationFactor:1),AllReplicas:0) for partition __consumer_offsets-15 in response to UpdateMetadata request sent by controller 0 epoch 14 with correlation id 0 (state.change.logger)
[2017-09-22 10:59:13,947] TRACE Broker 0 cached leader info (LeaderAndIsrInfo:(Leader:0,ISR:0,LeaderEpoch:3,ControllerEpoch:6),ReplicationFactor:1),AllReplicas:0) for partition __consumer_offsets-48 in response to UpdateMetadata request sent by controller 0 epoch 14 with correlation id 0 (state.change.logger)
[2017-09-22 10:59:13,947] TRACE Broker 0 cached leader info (LeaderAndIsrInfo:(Leader:0,ISR:0,LeaderEpoch:3,ControllerEpoch:6),ReplicationFactor:1),AllReplicas:0) for partition __consumer_offsets-11 in response to UpdateMetadata request sent by controller 0 epoch 14 with correlation id 0 (state.change.logger)
[2017-09-22 10:59:13,947] TRACE Broker 0 cached leader info (LeaderAndIsrInfo:(Leader:0,ISR:0,LeaderEpoch:3,ControllerEpoch:6),ReplicationFactor:1),AllReplicas:0) for partition __consumer_offsets-44 in response to UpdateMetadata request sent by controller 0 epoch 14 with correlation id 0 (state.change.logger)
[2017-09-22 10:59:13,947] TRACE Broker 0 cached leader info (LeaderAndIsrInfo:(Leader:0,ISR:0,LeaderEpoch:3,ControllerEpoch:6),ReplicationFactor:1),AllReplicas:0) for partition __consumer_offsets-23 in response to UpdateMetadata request sent by controller 0 epoch 14 with correlation id 0 (state.change.logger)
[2017-09-22 10:59:13,947] TRACE Broker 0 cached leader info (LeaderAndIsrInfo:(Leader:0,ISR:0,LeaderEpoch:3,ControllerEpoch:6),ReplicationFactor:1),AllReplicas:0) for partition __consumer_offsets-19 in response to UpdateMetadata request sent by controller 0 epoch 14 with correlation id 0 (state.change.logger)
[2017-09-22 10:59:13,947] TRACE Broker 0 cached leader info (LeaderAndIsrInfo:(Leader:0,ISR:0,LeaderEpoch:3,ControllerEpoch:6),ReplicationFactor:1),AllReplicas:0) for partition __consumer_offsets-32 in response to UpdateMetadata request sent by controller 0 epoch 14 with correlation id 0 (state.change.logger)
[2017-09-22 10:59:13,947] TRACE Broker 0 cached leader info (LeaderAndIsrInfo:(Leader:0,ISR:0,LeaderEpoch:3,ControllerEpoch:6),ReplicationFactor:1),AllReplicas:0) for partition __consumer_offsets-28 in response to UpdateMetadata request sent by controller 0 epoch 14 with correlation id 0 (state.change.logger)
[2017-09-22 10:59:13,947] TRACE Broker 0 cached leader info (LeaderAndIsrInfo:(Leader:0,ISR:0,LeaderEpoch:3,ControllerEpoch:6),ReplicationFactor:1),AllReplicas:0) for partition __consumer_offsets-7 in response to UpdateMetadata request sent by controller 0 epoch 14 with correlation id 0 (state.change.logger)
[2017-09-22 10:59:13,947] TRACE Broker 0 cached leader info (LeaderAndIsrInfo:(Leader:0,ISR:0,LeaderEpoch:3,ControllerEpoch:6),ReplicationFactor:1),AllReplicas:0) for partition __consumer_offsets-40 in response to UpdateMetadata request sent by controller 0 epoch 14 with correlation id 0 (state.change.logger)
[2017-09-22 10:59:13,948] TRACE Broker 0 cached leader info (LeaderAndIsrInfo:(Leader:0,ISR:0,LeaderEpoch:3,ControllerEpoch:6),ReplicationFactor:1),AllReplicas:0) for partition __consumer_offsets-3 in response to UpdateMetadata request sent by controller 0 epoch 14 with correlation id 0 (state.change.logger)
[2017-09-22 10:59:13,948] TRACE Broker 0 cached leader info (LeaderAndIsrInfo:(Leader:0,ISR:0,LeaderEpoch:3,ControllerEpoch:6),ReplicationFactor:1),AllReplicas:0) for partition __consumer_offsets-36 in response to UpdateMetadata request sent by controller 0 epoch 14 with correlation id 0 (state.change.logger)
[2017-09-22 10:59:13,948] TRACE Broker 0 cached leader info (LeaderAndIsrInfo:(Leader:0,ISR:0,LeaderEpoch:3,ControllerEpoch:6),ReplicationFactor:1),AllReplicas:0) for partition __consumer_offsets-47 in response to UpdateMetadata request sent by controller 0 epoch 14 with correlation id 0 (state.change.logger)
[2017-09-22 10:59:13,948] TRACE Broker 0 cached leader info (LeaderAndIsrInfo:(Leader:0,ISR:0,LeaderEpoch:3,ControllerEpoch:6),ReplicationFactor:1),AllReplicas:0) for partition __consumer_offsets-14 in response to UpdateMetadata request sent by controller 0 epoch 14 with correlation id 0 (state.change.logger)
[2017-09-22 10:59:13,948] TRACE Broker 0 cached leader info (LeaderAndIsrInfo:(Leader:0,ISR:0,LeaderEpoch:3,ControllerEpoch:6),ReplicationFactor:1),AllReplicas:0) for partition __consumer_offsets-43 in response to UpdateMetadata request sent by controller 0 epoch 14 with correlation id 0 (state.change.logger)
[2017-09-22 10:59:13,948] TRACE Broker 0 cached leader info (LeaderAndIsrInfo:(Leader:0,ISR:0,LeaderEpoch:4,ControllerEpoch:6),ReplicationFactor:1),AllReplicas:0) for partition test-0 in response to UpdateMetadata request sent by controller 0 epoch 14 with correlation id 0 (state.change.logger)
[2017-09-22 10:59:13,948] TRACE Broker 0 cached leader info (LeaderAndIsrInfo:(Leader:0,ISR:0,LeaderEpoch:3,ControllerEpoch:6),ReplicationFactor:1),AllReplicas:0) for partition __consumer_offsets-10 in response to UpdateMetadata request sent by controller 0 epoch 14 with correlation id 0 (state.change.logger)
[2017-09-22 10:59:13,948] TRACE Broker 0 cached leader info (LeaderAndIsrInfo:(Leader:0,ISR:0,LeaderEpoch:3,ControllerEpoch:6),ReplicationFactor:1),AllReplicas:0) for partition __consumer_offsets-22 in response to UpdateMetadata request sent by controller 0 epoch 14 with correlation id 0 (state.change.logger)
[2017-09-22 10:59:13,948] TRACE Broker 0 cached leader info (LeaderAndIsrInfo:(Leader:0,ISR:0,LeaderEpoch:3,ControllerEpoch:6),ReplicationFactor:1),AllReplicas:0) for partition __consumer_offsets-18 in response to UpdateMetadata request sent by controller 0 epoch 14 with correlation id 0 (state.change.logger)
[2017-09-22 10:59:13,949] TRACE Broker 0 cached leader info (LeaderAndIsrInfo:(Leader:0,ISR:0,LeaderEpoch:3,ControllerEpoch:6),ReplicationFactor:1),AllReplicas:0) for partition __consumer_offsets-31 in response to UpdateMetadata request sent by controller 0 epoch 14 with correlation id 0 (state.change.logger)
[2017-09-22 10:59:13,949] TRACE Broker 0 cached leader info (LeaderAndIsrInfo:(Leader:0,ISR:0,LeaderEpoch:3,ControllerEpoch:6),ReplicationFactor:1),AllReplicas:0) for partition __consumer_offsets-27 in response to UpdateMetadata request sent by controller 0 epoch 14 with correlation id 0 (state.change.logger)
[2017-09-22 10:59:13,949] TRACE Broker 0 cached leader info (LeaderAndIsrInfo:(Leader:0,ISR:0,LeaderEpoch:3,ControllerEpoch:6),ReplicationFactor:1),AllReplicas:0) for partition __consumer_offsets-39 in response to UpdateMetadata request sent by controller 0 epoch 14 with correlation id 0 (state.change.logger)
[2017-09-22 10:59:13,949] TRACE Broker 0 cached leader info (LeaderAndIsrInfo:(Leader:0,ISR:0,LeaderEpoch:3,ControllerEpoch:6),ReplicationFactor:1),AllReplicas:0) for partition __consumer_offsets-6 in response to UpdateMetadata request sent by controller 0 epoch 14 with correlation id 0 (state.change.logger)
[2017-09-22 10:59:13,949] TRACE Broker 0 cached leader info (LeaderAndIsrInfo:(Leader:0,ISR:0,LeaderEpoch:3,ControllerEpoch:6),ReplicationFactor:1),AllReplicas:0) for partition __consumer_offsets-35 in response to UpdateMetadata request sent by controller 0 epoch 14 with correlation id 0 (state.change.logger)
[2017-09-22 10:59:13,949] TRACE Broker 0 cached leader info (LeaderAndIsrInfo:(Leader:0,ISR:0,LeaderEpoch:3,ControllerEpoch:6),ReplicationFactor:1),AllReplicas:0) for partition __consumer_offsets-2 in response to UpdateMetadata request sent by controller 0 epoch 14 with correlation id 0 (state.change.logger)
[2017-09-22 10:59:13,949] TRACE Controller 0 epoch 14 received response {error_code=0} for a request sent to broker 192.168.34.56:9092 (id: 0 rack: null) (state.change.logger)
[2017-09-22 10:59:13,950] TRACE Broker 0 received LeaderAndIsr request PartitionState(controllerEpoch=6, leader=0, leaderEpoch=3, isr=0, zkVersion=3, replicas=0) correlation id 1 from controller 0 epoch 14 for partition [__consumer_offsets,13] (state.change.logger)
[2017-09-22 10:59:13,950] TRACE Broker 0 received LeaderAndIsr request PartitionState(controllerEpoch=6, leader=0, leaderEpoch=3, isr=0, zkVersion=3, replicas=0) correlation id 1 from controller 0 epoch 14 for partition [__consumer_offsets,46] (state.change.logger)
[2017-09-22 10:59:13,950] TRACE Broker 0 received LeaderAndIsr request PartitionState(controllerEpoch=6, leader=0, leaderEpoch=3, isr=0, zkVersion=3, replicas=0) correlation id 1 from controller 0 epoch 14 for partition [__consumer_offsets,9] (state.change.logger)
[2017-09-22 10:59:13,950] TRACE Broker 0 received LeaderAndIsr request PartitionState(controllerEpoch=6, leader=0, leaderEpoch=3, isr=0, zkVersion=3, replicas=0) correlation id 1 from controller 0 epoch 14 for partition [__consumer_offsets,42] (state.change.logger)
[2017-09-22 10:59:13,950] TRACE Broker 0 received LeaderAndIsr request PartitionState(controllerEpoch=6, leader=0, leaderEpoch=3, isr=0, zkVersion=3, replicas=0) correlation id 1 from controller 0 epoch 14 for partition [__consumer_offsets,21] (state.change.logger)
[2017-09-22 10:59:13,950] TRACE Broker 0 received LeaderAndIsr request PartitionState(controllerEpoch=6, leader=0, leaderEpoch=3, isr=0, zkVersion=3, replicas=0) correlation id 1 from controller 0 epoch 14 for partition [__consumer_offsets,17] (state.change.logger)
[2017-09-22 10:59:13,950] TRACE Broker 0 received LeaderAndIsr request PartitionState(controllerEpoch=6, leader=0, leaderEpoch=3, isr=0, zkVersion=3, replicas=0) correlation id 1 from controller 0 epoch 14 for partition [__consumer_offsets,30] (state.change.logger)
[2017-09-22 10:59:13,950] TRACE Broker 0 received LeaderAndIsr request PartitionState(controllerEpoch=6, leader=0, leaderEpoch=3, isr=0, zkVersion=3, replicas=0) correlation id 1 from controller 0 epoch 14 for partition [__consumer_offsets,26] (state.change.logger)
[2017-09-22 10:59:13,950] TRACE Broker 0 received LeaderAndIsr request PartitionState(controllerEpoch=6, leader=0, leaderEpoch=3, isr=0, zkVersion=3, replicas=0) correlation id 1 from controller 0 epoch 14 for partition [__consumer_offsets,5] (state.change.logger)
[2017-09-22 10:59:13,950] TRACE Broker 0 received LeaderAndIsr request PartitionState(controllerEpoch=6, leader=0, leaderEpoch=3, isr=0, zkVersion=3, replicas=0) correlation id 1 from controller 0 epoch 14 for partition [__consumer_offsets,38] (state.change.logger)
[2017-09-22 10:59:13,950] TRACE Broker 0 received LeaderAndIsr request PartitionState(controllerEpoch=6, leader=0, leaderEpoch=3, isr=0, zkVersion=3, replicas=0) correlation id 1 from controller 0 epoch 14 for partition [__consumer_offsets,1] (state.change.logger)
[2017-09-22 10:59:13,950] TRACE Broker 0 received LeaderAndIsr request PartitionState(controllerEpoch=6, leader=0, leaderEpoch=3, isr=0, zkVersion=3, replicas=0) correlation id 1 from controller 0 epoch 14 for partition [__consumer_offsets,34] (state.change.logger)
[2017-09-22 10:59:13,950] TRACE Broker 0 received LeaderAndIsr request PartitionState(controllerEpoch=6, leader=0, leaderEpoch=3, isr=0, zkVersion=3, replicas=0) correlation id 1 from controller 0 epoch 14 for partition [__consumer_offsets,16] (state.change.logger)
[2017-09-22 10:59:13,950] TRACE Broker 0 received LeaderAndIsr request PartitionState(controllerEpoch=6, leader=0, leaderEpoch=3, isr=0, zkVersion=3, replicas=0) correlation id 1 from controller 0 epoch 14 for partition [__consumer_offsets,45] (state.change.logger)
[2017-09-22 10:59:13,950] TRACE Broker 0 received LeaderAndIsr request PartitionState(controllerEpoch=6, leader=0, leaderEpoch=3, isr=0, zkVersion=3, replicas=0) correlation id 1 from controller 0 epoch 14 for partition [__consumer_offsets,12] (state.change.logger)
[2017-09-22 10:59:13,950] TRACE Broker 0 received LeaderAndIsr request PartitionState(controllerEpoch=6, leader=0, leaderEpoch=3, isr=0, zkVersion=3, replicas=0) correlation id 1 from controller 0 epoch 14 for partition [__consumer_offsets,41] (state.change.logger)
[2017-09-22 10:59:13,950] TRACE Broker 0 received LeaderAndIsr request PartitionState(controllerEpoch=6, leader=0, leaderEpoch=3, isr=0, zkVersion=3, replicas=0) correlation id 1 from controller 0 epoch 14 for partition [__consumer_offsets,24] (state.change.logger)
[2017-09-22 10:59:13,950] TRACE Broker 0 received LeaderAndIsr request PartitionState(controllerEpoch=6, leader=0, leaderEpoch=1, isr=0, zkVersion=1, replicas=0) correlation id 1 from controller 0 epoch 14 for partition [kafka-demo,0] (state.change.logger)
[2017-09-22 10:59:13,950] TRACE Broker 0 received LeaderAndIsr request PartitionState(controllerEpoch=6, leader=0, leaderEpoch=3, isr=0, zkVersion=3, replicas=0) correlation id 1 from controller 0 epoch 14 for partition [__consumer_offsets,20] (state.change.logger)
[2017-09-22 10:59:13,950] TRACE Broker 0 received LeaderAndIsr request PartitionState(controllerEpoch=6, leader=0, leaderEpoch=3, isr=0, zkVersion=3, replicas=0) correlation id 1 from controller 0 epoch 14 for partition [__consumer_offsets,49] (state.change.logger)
[2017-09-22 10:59:13,950] TRACE Broker 0 received LeaderAndIsr request PartitionState(controllerEpoch=6, leader=0, leaderEpoch=3, isr=0, zkVersion=3, replicas=0) correlation id 1 from controller 0 epoch 14 for partition [__consumer_offsets,0] (state.change.logger)
[2017-09-22 10:59:13,950] TRACE Broker 0 received LeaderAndIsr request PartitionState(controllerEpoch=6, leader=0, leaderEpoch=3, isr=0, zkVersion=3, replicas=0) correlation id 1 from controller 0 epoch 14 for partition [__consumer_offsets,29] (state.change.logger)
[2017-09-22 10:59:13,950] TRACE Broker 0 received LeaderAndIsr request PartitionState(controllerEpoch=6, leader=0, leaderEpoch=3, isr=0, zkVersion=3, replicas=0) correlation id 1 from controller 0 epoch 14 for partition [__consumer_offsets,25] (state.change.logger)
[2017-09-22 10:59:13,950] TRACE Broker 0 received LeaderAndIsr request PartitionState(controllerEpoch=6, leader=0, leaderEpoch=3, isr=0, zkVersion=3, replicas=0) correlation id 1 from controller 0 epoch 14 for partition [__consumer_offsets,8] (state.change.logger)
[2017-09-22 10:59:13,950] TRACE Broker 0 received LeaderAndIsr request PartitionState(controllerEpoch=6, leader=0, leaderEpoch=3, isr=0, zkVersion=3, replicas=0) correlation id 1 from controller 0 epoch 14 for partition [__consumer_offsets,37] (state.change.logger)
[2017-09-22 10:59:13,950] TRACE Broker 0 received LeaderAndIsr request PartitionState(controllerEpoch=6, leader=0, leaderEpoch=3, isr=0, zkVersion=3, replicas=0) correlation id 1 from controller 0 epoch 14 for partition [__consumer_offsets,4] (state.change.logger)
[2017-09-22 10:59:13,950] TRACE Broker 0 received LeaderAndIsr request PartitionState(controllerEpoch=6, leader=0, leaderEpoch=3, isr=0, zkVersion=3, replicas=0) correlation id 1 from controller 0 epoch 14 for partition [__consumer_offsets,33] (state.change.logger)
[2017-09-22 10:59:13,950] TRACE Broker 0 received LeaderAndIsr request PartitionState(controllerEpoch=6, leader=0, leaderEpoch=3, isr=0, zkVersion=3, replicas=0) correlation id 1 from controller 0 epoch 14 for partition [__consumer_offsets,15] (state.change.logger)
[2017-09-22 10:59:13,950] TRACE Broker 0 received LeaderAndIsr request PartitionState(controllerEpoch=6, leader=0, leaderEpoch=3, isr=0, zkVersion=3, replicas=0) correlation id 1 from controller 0 epoch 14 for partition [__consumer_offsets,48] (state.change.logger)
[2017-09-22 10:59:13,950] TRACE Broker 0 received LeaderAndIsr request PartitionState(controllerEpoch=6, leader=0, leaderEpoch=3, isr=0, zkVersion=3, replicas=0) correlation id 1 from controller 0 epoch 14 for partition [__consumer_offsets,11] (state.change.logger)
[2017-09-22 10:59:13,950] TRACE Broker 0 received LeaderAndIsr request PartitionState(controllerEpoch=6, leader=0, leaderEpoch=3, isr=0, zkVersion=3, replicas=0) correlation id 1 from controller 0 epoch 14 for partition [__consumer_offsets,44] (state.change.logger)
[2017-09-22 10:59:13,950] TRACE Broker 0 received LeaderAndIsr request PartitionState(controllerEpoch=6, leader=0, leaderEpoch=3, isr=0, zkVersion=3, replicas=0) correlation id 1 from controller 0 epoch 14 for partition [__consumer_offsets,23] (state.change.logger)
[2017-09-22 10:59:13,950] TRACE Broker 0 received LeaderAndIsr request PartitionState(controllerEpoch=6, leader=0, leaderEpoch=3, isr=0, zkVersion=3, replicas=0) correlation id 1 from controller 0 epoch 14 for partition [__consumer_offsets,19] (state.change.logger)
[2017-09-22 10:59:13,950] TRACE Broker 0 received LeaderAndIsr request PartitionState(controllerEpoch=6, leader=0, leaderEpoch=3, isr=0, zkVersion=3, replicas=0) correlation id 1 from controller 0 epoch 14 for partition [__consumer_offsets,32] (state.change.logger)
[2017-09-22 10:59:13,950] TRACE Broker 0 received LeaderAndIsr request PartitionState(controllerEpoch=6, leader=0, leaderEpoch=3, isr=0, zkVersion=3, replicas=0) correlation id 1 from controller 0 epoch 14 for partition [__consumer_offsets,28] (state.change.logger)
[2017-09-22 10:59:13,950] TRACE Broker 0 received LeaderAndIsr request PartitionState(controllerEpoch=6, leader=0, leaderEpoch=3, isr=0, zkVersion=3, replicas=0) correlation id 1 from controller 0 epoch 14 for partition [__consumer_offsets,7] (state.change.logger)
[2017-09-22 10:59:13,950] TRACE Broker 0 received LeaderAndIsr request PartitionState(controllerEpoch=6, leader=0, leaderEpoch=3, isr=0, zkVersion=3, replicas=0) correlation id 1 from controller 0 epoch 14 for partition [__consumer_offsets,40] (state.change.logger)
[2017-09-22 10:59:13,950] TRACE Broker 0 received LeaderAndIsr request PartitionState(controllerEpoch=6, leader=0, leaderEpoch=3, isr=0, zkVersion=3, replicas=0) correlation id 1 from controller 0 epoch 14 for partition [__consumer_offsets,3] (state.change.logger)
[2017-09-22 10:59:13,950] TRACE Broker 0 received LeaderAndIsr request PartitionState(controllerEpoch=6, leader=0, leaderEpoch=3, isr=0, zkVersion=3, replicas=0) correlation id 1 from controller 0 epoch 14 for partition [__consumer_offsets,36] (state.change.logger)
[2017-09-22 10:59:13,950] TRACE Broker 0 received LeaderAndIsr request PartitionState(controllerEpoch=6, leader=0, leaderEpoch=3, isr=0, zkVersion=3, replicas=0) correlation id 1 from controller 0 epoch 14 for partition [__consumer_offsets,47] (state.change.logger)
[2017-09-22 10:59:13,950] TRACE Broker 0 received LeaderAndIsr request PartitionState(controllerEpoch=6, leader=0, leaderEpoch=3, isr=0, zkVersion=3, replicas=0) correlation id 1 from controller 0 epoch 14 for partition [__consumer_offsets,14] (state.change.logger)
[2017-09-22 10:59:13,950] TRACE Broker 0 received LeaderAndIsr request PartitionState(controllerEpoch=6, leader=0, leaderEpoch=3, isr=0, zkVersion=3, replicas=0) correlation id 1 from controller 0 epoch 14 for partition [__consumer_offsets,43] (state.change.logger)
[2017-09-22 10:59:13,950] TRACE Broker 0 received LeaderAndIsr request PartitionState(controllerEpoch=6, leader=0, leaderEpoch=4, isr=0, zkVersion=4, replicas=0) correlation id 1 from controller 0 epoch 14 for partition [test,0] (state.change.logger)
[2017-09-22 10:59:13,950] TRACE Broker 0 received LeaderAndIsr request PartitionState(controllerEpoch=6, leader=0, leaderEpoch=3, isr=0, zkVersion=3, replicas=0) correlation id 1 from controller 0 epoch 14 for partition [__consumer_offsets,10] (state.change.logger)
[2017-09-22 10:59:13,950] TRACE Broker 0 received LeaderAndIsr request PartitionState(controllerEpoch=6, leader=0, leaderEpoch=3, isr=0, zkVersion=3, replicas=0) correlation id 1 from controller 0 epoch 14 for partition [__consumer_offsets,22] (state.change.logger)
[2017-09-22 10:59:13,950] TRACE Broker 0 received LeaderAndIsr request PartitionState(controllerEpoch=6, leader=0, leaderEpoch=3, isr=0, zkVersion=3, replicas=0) correlation id 1 from controller 0 epoch 14 for partition [__consumer_offsets,18] (state.change.logger)
[2017-09-22 10:59:13,950] TRACE Broker 0 received LeaderAndIsr request PartitionState(controllerEpoch=6, leader=0, leaderEpoch=3, isr=0, zkVersion=3, replicas=0) correlation id 1 from controller 0 epoch 14 for partition [__consumer_offsets,31] (state.change.logger)
[2017-09-22 10:59:13,950] TRACE Broker 0 received LeaderAndIsr request PartitionState(controllerEpoch=6, leader=0, leaderEpoch=3, isr=0, zkVersion=3, replicas=0) correlation id 1 from controller 0 epoch 14 for partition [__consumer_offsets,27] (state.change.logger)
[2017-09-22 10:59:13,950] TRACE Broker 0 received LeaderAndIsr request PartitionState(controllerEpoch=6, leader=0, leaderEpoch=3, isr=0, zkVersion=3, replicas=0) correlation id 1 from controller 0 epoch 14 for partition [__consumer_offsets,39] (state.change.logger)
[2017-09-22 10:59:13,950] TRACE Broker 0 received LeaderAndIsr request PartitionState(controllerEpoch=6, leader=0, leaderEpoch=3, isr=0, zkVersion=3, replicas=0) correlation id 1 from controller 0 epoch 14 for partition [__consumer_offsets,6] (state.change.logger)
[2017-09-22 10:59:13,950] TRACE Broker 0 received LeaderAndIsr request PartitionState(controllerEpoch=6, leader=0, leaderEpoch=3, isr=0, zkVersion=3, replicas=0) correlation id 1 from controller 0 epoch 14 for partition [__consumer_offsets,35] (state.change.logger)
[2017-09-22 10:59:13,950] TRACE Broker 0 received LeaderAndIsr request PartitionState(controllerEpoch=6, leader=0, leaderEpoch=3, isr=0, zkVersion=3, replicas=0) correlation id 1 from controller 0 epoch 14 for partition [__consumer_offsets,2] (state.change.logger)
[2017-09-22 10:59:13,951] WARN Broker 0 ignoring LeaderAndIsr request from controller 0 with correlation id 1 epoch 14 for partition [__consumer_offsets,13] since its associated leader epoch 3 is not higher than the current leader epoch 3 (state.change.logger)
[2017-09-22 10:59:13,951] WARN Broker 0 ignoring LeaderAndIsr request from controller 0 with correlation id 1 epoch 14 for partition [__consumer_offsets,46] since its associated leader epoch 3 is not higher than the current leader epoch 3 (state.change.logger)
[2017-09-22 10:59:13,951] WARN Broker 0 ignoring LeaderAndIsr request from controller 0 with correlation id 1 epoch 14 for partition [__consumer_offsets,9] since its associated leader epoch 3 is not higher than the current leader epoch 3 (state.change.logger)
[2017-09-22 10:59:13,951] WARN Broker 0 ignoring LeaderAndIsr request from controller 0 with correlation id 1 epoch 14 for partition [__consumer_offsets,42] since its associated leader epoch 3 is not higher than the current leader epoch 3 (state.change.logger)
[2017-09-22 10:59:13,951] WARN Broker 0 ignoring LeaderAndIsr request from controller 0 with correlation id 1 epoch 14 for partition [__consumer_offsets,21] since its associated leader epoch 3 is not higher than the current leader epoch 3 (state.change.logger)
[2017-09-22 10:59:13,951] WARN Broker 0 ignoring LeaderAndIsr request from controller 0 with correlation id 1 epoch 14 for partition [__consumer_offsets,17] since its associated leader epoch 3 is not higher than the current leader epoch 3 (state.change.logger)
[2017-09-22 10:59:13,951] WARN Broker 0 ignoring LeaderAndIsr request from controller 0 with correlation id 1 epoch 14 for partition [__consumer_offsets,30] since its associated leader epoch 3 is not higher than the current leader epoch 3 (state.change.logger)
[2017-09-22 10:59:13,951] WARN Broker 0 ignoring LeaderAndIsr request from controller 0 with correlation id 1 epoch 14 for partition [__consumer_offsets,26] since its associated leader epoch 3 is not higher than the current leader epoch 3 (state.change.logger)
[2017-09-22 10:59:13,951] WARN Broker 0 ignoring LeaderAndIsr request from controller 0 with correlation id 1 epoch 14 for partition [__consumer_offsets,5] since its associated leader epoch 3 is not higher than the current leader epoch 3 (state.change.logger)
[2017-09-22 10:59:13,951] WARN Broker 0 ignoring LeaderAndIsr request from controller 0 with correlation id 1 epoch 14 for partition [__consumer_offsets,38] since its associated leader epoch 3 is not higher than the current leader epoch 3 (state.change.logger)
[2017-09-22 10:59:13,951] WARN Broker 0 ignoring LeaderAndIsr request from controller 0 with correlation id 1 epoch 14 for partition [__consumer_offsets,1] since its associated leader epoch 3 is not higher than the current leader epoch 3 (state.change.logger)
[2017-09-22 10:59:13,951] WARN Broker 0 ignoring LeaderAndIsr request from controller 0 with correlation id 1 epoch 14 for partition [__consumer_offsets,34] since its associated leader epoch 3 is not higher than the current leader epoch 3 (state.change.logger)
[2017-09-22 10:59:13,951] WARN Broker 0 ignoring LeaderAndIsr request from controller 0 with correlation id 1 epoch 14 for partition [__consumer_offsets,16] since its associated leader epoch 3 is not higher than the current leader epoch 3 (state.change.logger)
[2017-09-22 10:59:13,951] WARN Broker 0 ignoring LeaderAndIsr request from controller 0 with correlation id 1 epoch 14 for partition [__consumer_offsets,45] since its associated leader epoch 3 is not higher than the current leader epoch 3 (state.change.logger)
[2017-09-22 10:59:13,951] WARN Broker 0 ignoring LeaderAndIsr request from controller 0 with correlation id 1 epoch 14 for partition [__consumer_offsets,12] since its associated leader epoch 3 is not higher than the current leader epoch 3 (state.change.logger)
[2017-09-22 10:59:13,951] WARN Broker 0 ignoring LeaderAndIsr request from controller 0 with correlation id 1 epoch 14 for partition [__consumer_offsets,41] since its associated leader epoch 3 is not higher than the current leader epoch 3 (state.change.logger)
[2017-09-22 10:59:13,951] WARN Broker 0 ignoring LeaderAndIsr request from controller 0 with correlation id 1 epoch 14 for partition [__consumer_offsets,24] since its associated leader epoch 3 is not higher than the current leader epoch 3 (state.change.logger)
[2017-09-22 10:59:13,951] WARN Broker 0 ignoring LeaderAndIsr request from controller 0 with correlation id 1 epoch 14 for partition [kafka-demo,0] since its associated leader epoch 1 is not higher than the current leader epoch 1 (state.change.logger)
[2017-09-22 10:59:13,951] WARN Broker 0 ignoring LeaderAndIsr request from controller 0 with correlation id 1 epoch 14 for partition [__consumer_offsets,20] since its associated leader epoch 3 is not higher than the current leader epoch 3 (state.change.logger)
[2017-09-22 10:59:13,951] WARN Broker 0 ignoring LeaderAndIsr request from controller 0 with correlation id 1 epoch 14 for partition [__consumer_offsets,49] since its associated leader epoch 3 is not higher than the current leader epoch 3 (state.change.logger)
[2017-09-22 10:59:13,951] WARN Broker 0 ignoring LeaderAndIsr request from controller 0 with correlation id 1 epoch 14 for partition [__consumer_offsets,0] since its associated leader epoch 3 is not higher than the current leader epoch 3 (state.change.logger)
[2017-09-22 10:59:13,951] WARN Broker 0 ignoring LeaderAndIsr request from controller 0 with correlation id 1 epoch 14 for partition [__consumer_offsets,29] since its associated leader epoch 3 is not higher than the current leader epoch 3 (state.change.logger)
[2017-09-22 10:59:13,951] WARN Broker 0 ignoring LeaderAndIsr request from controller 0 with correlation id 1 epoch 14 for partition [__consumer_offsets,25] since its associated leader epoch 3 is not higher than the current leader epoch 3 (state.change.logger)
[2017-09-22 10:59:13,951] WARN Broker 0 ignoring LeaderAndIsr request from controller 0 with correlation id 1 epoch 14 for partition [__consumer_offsets,8] since its associated leader epoch 3 is not higher than the current leader epoch 3 (state.change.logger)
[2017-09-22 10:59:13,951] WARN Broker 0 ignoring LeaderAndIsr request from controller 0 with correlation id 1 epoch 14 for partition [__consumer_offsets,37] since its associated leader epoch 3 is not higher than the current leader epoch 3 (state.change.logger)
[2017-09-22 10:59:13,951] WARN Broker 0 ignoring LeaderAndIsr request from controller 0 with correlation id 1 epoch 14 for partition [__consumer_offsets,4] since its associated leader epoch 3 is not higher than the current leader epoch 3 (state.change.logger)
[2017-09-22 10:59:13,951] WARN Broker 0 ignoring LeaderAndIsr request from controller 0 with correlation id 1 epoch 14 for partition [__consumer_offsets,33] since its associated leader epoch 3 is not higher than the current leader epoch 3 (state.change.logger)
[2017-09-22 10:59:13,951] WARN Broker 0 ignoring LeaderAndIsr request from controller 0 with correlation id 1 epoch 14 for partition [__consumer_offsets,15] since its associated leader epoch 3 is not higher than the current leader epoch 3 (state.change.logger)
[2017-09-22 10:59:13,951] WARN Broker 0 ignoring LeaderAndIsr request from controller 0 with correlation id 1 epoch 14 for partition [__consumer_offsets,48] since its associated leader epoch 3 is not higher than the current leader epoch 3 (state.change.logger)
[2017-09-22 10:59:13,951] WARN Broker 0 ignoring LeaderAndIsr request from controller 0 with correlation id 1 epoch 14 for partition [__consumer_offsets,11] since its associated leader epoch 3 is not higher than the current leader epoch 3 (state.change.logger)
[2017-09-22 10:59:13,951] WARN Broker 0 ignoring LeaderAndIsr request from controller 0 with correlation id 1 epoch 14 for partition [__consumer_offsets,44] since its associated leader epoch 3 is not higher than the current leader epoch 3 (state.change.logger)
[2017-09-22 10:59:13,951] WARN Broker 0 ignoring LeaderAndIsr request from controller 0 with correlation id 1 epoch 14 for partition [__consumer_offsets,23] since its associated leader epoch 3 is not higher than the current leader epoch 3 (state.change.logger)
[2017-09-22 10:59:13,951] WARN Broker 0 ignoring LeaderAndIsr request from controller 0 with correlation id 1 epoch 14 for partition [__consumer_offsets,19] since its associated leader epoch 3 is not higher than the current leader epoch 3 (state.change.logger)
[2017-09-22 10:59:13,951] WARN Broker 0 ignoring LeaderAndIsr request from controller 0 with correlation id 1 epoch 14 for partition [__consumer_offsets,32] since its associated leader epoch 3 is not higher than the current leader epoch 3 (state.change.logger)
[2017-09-22 10:59:13,951] WARN Broker 0 ignoring LeaderAndIsr request from controller 0 with correlation id 1 epoch 14 for partition [__consumer_offsets,28] since its associated leader epoch 3 is not higher than the current leader epoch 3 (state.change.logger)
[2017-09-22 10:59:13,951] WARN Broker 0 ignoring LeaderAndIsr request from controller 0 with correlation id 1 epoch 14 for partition [__consumer_offsets,7] since its associated leader epoch 3 is not higher than the current leader epoch 3 (state.change.logger)
[2017-09-22 10:59:13,951] WARN Broker 0 ignoring LeaderAndIsr request from controller 0 with correlation id 1 epoch 14 for partition [__consumer_offsets,40] since its associated leader epoch 3 is not higher than the current leader epoch 3 (state.change.logger)
[2017-09-22 10:59:13,951] WARN Broker 0 ignoring LeaderAndIsr request from controller 0 with correlation id 1 epoch 14 for partition [__consumer_offsets,3] since its associated leader epoch 3 is not higher than the current leader epoch 3 (state.change.logger)
[2017-09-22 10:59:13,951] WARN Broker 0 ignoring LeaderAndIsr request from controller 0 with correlation id 1 epoch 14 for partition [__consumer_offsets,36] since its associated leader epoch 3 is not higher than the current leader epoch 3 (state.change.logger)
[2017-09-22 10:59:13,951] WARN Broker 0 ignoring LeaderAndIsr request from controller 0 with correlation id 1 epoch 14 for partition [__consumer_offsets,47] since its associated leader epoch 3 is not higher than the current leader epoch 3 (state.change.logger)
[2017-09-22 10:59:13,951] WARN Broker 0 ignoring LeaderAndIsr request from controller 0 with correlation id 1 epoch 14 for partition [__consumer_offsets,14] since its associated leader epoch 3 is not higher than the current leader epoch 3 (state.change.logger)
[2017-09-22 10:59:13,951] WARN Broker 0 ignoring LeaderAndIsr request from controller 0 with correlation id 1 epoch 14 for partition [__consumer_offsets,43] since its associated leader epoch 3 is not higher than the current leader epoch 3 (state.change.logger)
[2017-09-22 10:59:13,951] WARN Broker 0 ignoring LeaderAndIsr request from controller 0 with correlation id 1 epoch 14 for partition [test,0] since its associated leader epoch 4 is not higher than the current leader epoch 4 (state.change.logger)
[2017-09-22 10:59:13,951] WARN Broker 0 ignoring LeaderAndIsr request from controller 0 with correlation id 1 epoch 14 for partition [__consumer_offsets,10] since its associated leader epoch 3 is not higher than the current leader epoch 3 (state.change.logger)
[2017-09-22 10:59:13,951] WARN Broker 0 ignoring LeaderAndIsr request from controller 0 with correlation id 1 epoch 14 for partition [__consumer_offsets,22] since its associated leader epoch 3 is not higher than the current leader epoch 3 (state.change.logger)
[2017-09-22 10:59:13,951] WARN Broker 0 ignoring LeaderAndIsr request from controller 0 with correlation id 1 epoch 14 for partition [__consumer_offsets,18] since its associated leader epoch 3 is not higher than the current leader epoch 3 (state.change.logger)
[2017-09-22 10:59:13,951] WARN Broker 0 ignoring LeaderAndIsr request from controller 0 with correlation id 1 epoch 14 for partition [__consumer_offsets,31] since its associated leader epoch 3 is not higher than the current leader epoch 3 (state.change.logger)
[2017-09-22 10:59:13,951] WARN Broker 0 ignoring LeaderAndIsr request from controller 0 with correlation id 1 epoch 14 for partition [__consumer_offsets,27] since its associated leader epoch 3 is not higher than the current leader epoch 3 (state.change.logger)
[2017-09-22 10:59:13,951] WARN Broker 0 ignoring LeaderAndIsr request from controller 0 with correlation id 1 epoch 14 for partition [__consumer_offsets,39] since its associated leader epoch 3 is not higher than the current leader epoch 3 (state.change.logger)
[2017-09-22 10:59:13,951] WARN Broker 0 ignoring LeaderAndIsr request from controller 0 with correlation id 1 epoch 14 for partition [__consumer_offsets,6] since its associated leader epoch 3 is not higher than the current leader epoch 3 (state.change.logger)
[2017-09-22 10:59:13,951] WARN Broker 0 ignoring LeaderAndIsr request from controller 0 with correlation id 1 epoch 14 for partition [__consumer_offsets,35] since its associated leader epoch 3 is not higher than the current leader epoch 3 (state.change.logger)
[2017-09-22 10:59:13,951] WARN Broker 0 ignoring LeaderAndIsr request from controller 0 with correlation id 1 epoch 14 for partition [__consumer_offsets,2] since its associated leader epoch 3 is not higher than the current leader epoch 3 (state.change.logger)
[2017-09-22 10:59:13,953] TRACE Controller 0 epoch 14 received response {error_code=0,partitions=[{topic=__consumer_offsets,partition=13,error_code=11},{topic=__consumer_offsets,partition=46,error_code=11},{topic=__consumer_offsets,partition=9,error_code=11},{topic=__consumer_offsets,partition=42,error_code=11},{topic=__consumer_offsets,partition=21,error_code=11},{topic=__consumer_offsets,partition=17,error_code=11},{topic=__consumer_offsets,partition=30,error_code=11},{topic=__consumer_offsets,partition=26,error_code=11},{topic=__consumer_offsets,partition=5,error_code=11},{topic=__consumer_offsets,partition=38,error_code=11},{topic=__consumer_offsets,partition=1,error_code=11},{topic=__consumer_offsets,partition=34,error_code=11},{topic=__consumer_offsets,partition=16,error_code=11},{topic=__consumer_offsets,partition=45,error_code=11},{topic=__consumer_offsets,partition=12,error_code=11},{topic=__consumer_offsets,partition=41,error_code=11},{topic=__consumer_offsets,partition=24,error_code=11},{topic=kafka-demo,partition=0,error_code=11},{topic=__consumer_offsets,partition=20,error_code=11},{topic=__consumer_offsets,partition=49,error_code=11},{topic=__consumer_offsets,partition=0,error_code=11},{topic=__consumer_offsets,partition=29,error_code=11},{topic=__consumer_offsets,partition=25,error_code=11},{topic=__consumer_offsets,partition=8,error_code=11},{topic=__consumer_offsets,partition=37,error_code=11},{topic=__consumer_offsets,partition=4,error_code=11},{topic=__consumer_offsets,partition=33,error_code=11},{topic=__consumer_offsets,partition=15,error_code=11},{topic=__consumer_offsets,partition=48,error_code=11},{topic=__consumer_offsets,partition=11,error_code=11},{topic=__consumer_offsets,partition=44,error_code=11},{topic=__consumer_offsets,partition=23,error_code=11},{topic=__consumer_offsets,partition=19,error_code=11},{topic=__consumer_offsets,partition=32,error_code=11},{topic=__consumer_offsets,partition=28,error_code=11},{topic=__consumer_offsets,partition=7,error_code=11},{topic=__consumer_offsets,partition=40,error_code=11},{topic=__consumer_offsets,partition=3,error_code=11},{topic=__consumer_offsets,partition=36,error_code=11},{topic=__consumer_offsets,partition=47,error_code=11},{topic=__consumer_offsets,partition=14,error_code=11},{topic=__consumer_offsets,partition=43,error_code=11},{topic=test,partition=0,error_code=11},{topic=__consumer_offsets,partition=10,error_code=11},{topic=__consumer_offsets,partition=22,error_code=11},{topic=__consumer_offsets,partition=18,error_code=11},{topic=__consumer_offsets,partition=31,error_code=11},{topic=__consumer_offsets,partition=27,error_code=11},{topic=__consumer_offsets,partition=39,error_code=11},{topic=__consumer_offsets,partition=6,error_code=11},{topic=__consumer_offsets,partition=35,error_code=11},{topic=__consumer_offsets,partition=2,error_code=11}]} for a request sent to broker 192.168.34.56:9092 (id: 0 rack: null) (state.change.logger)
[2017-09-22 10:59:13,953] TRACE Broker 0 cached leader info (LeaderAndIsrInfo:(Leader:0,ISR:0,LeaderEpoch:3,ControllerEpoch:6),ReplicationFactor:1),AllReplicas:0) for partition __consumer_offsets-13 in response to UpdateMetadata request sent by controller 0 epoch 14 with correlation id 2 (state.change.logger)
[2017-09-22 10:59:13,953] TRACE Broker 0 cached leader info (LeaderAndIsrInfo:(Leader:0,ISR:0,LeaderEpoch:3,ControllerEpoch:6),ReplicationFactor:1),AllReplicas:0) for partition __consumer_offsets-46 in response to UpdateMetadata request sent by controller 0 epoch 14 with correlation id 2 (state.change.logger)
[2017-09-22 10:59:13,953] TRACE Broker 0 cached leader info (LeaderAndIsrInfo:(Leader:0,ISR:0,LeaderEpoch:3,ControllerEpoch:6),ReplicationFactor:1),AllReplicas:0) for partition __consumer_offsets-9 in response to UpdateMetadata request sent by controller 0 epoch 14 with correlation id 2 (state.change.logger)
[2017-09-22 10:59:13,953] TRACE Broker 0 cached leader info (LeaderAndIsrInfo:(Leader:0,ISR:0,LeaderEpoch:3,ControllerEpoch:6),ReplicationFactor:1),AllReplicas:0) for partition __consumer_offsets-42 in response to UpdateMetadata request sent by controller 0 epoch 14 with correlation id 2 (state.change.logger)
[2017-09-22 10:59:13,953] TRACE Broker 0 cached leader info (LeaderAndIsrInfo:(Leader:0,ISR:0,LeaderEpoch:3,ControllerEpoch:6),ReplicationFactor:1),AllReplicas:0) for partition __consumer_offsets-21 in response to UpdateMetadata request sent by controller 0 epoch 14 with correlation id 2 (state.change.logger)
[2017-09-22 10:59:13,953] TRACE Broker 0 cached leader info (LeaderAndIsrInfo:(Leader:0,ISR:0,LeaderEpoch:3,ControllerEpoch:6),ReplicationFactor:1),AllReplicas:0) for partition __consumer_offsets-17 in response to UpdateMetadata request sent by controller 0 epoch 14 with correlation id 2 (state.change.logger)
[2017-09-22 10:59:13,953] TRACE Broker 0 cached leader info (LeaderAndIsrInfo:(Leader:0,ISR:0,LeaderEpoch:3,ControllerEpoch:6),ReplicationFactor:1),AllReplicas:0) for partition __consumer_offsets-30 in response to UpdateMetadata request sent by controller 0 epoch 14 with correlation id 2 (state.change.logger)
[2017-09-22 10:59:13,953] TRACE Broker 0 cached leader info (LeaderAndIsrInfo:(Leader:0,ISR:0,LeaderEpoch:3,ControllerEpoch:6),ReplicationFactor:1),AllReplicas:0) for partition __consumer_offsets-26 in response to UpdateMetadata request sent by controller 0 epoch 14 with correlation id 2 (state.change.logger)
[2017-09-22 10:59:13,953] TRACE Broker 0 cached leader info (LeaderAndIsrInfo:(Leader:0,ISR:0,LeaderEpoch:3,ControllerEpoch:6),ReplicationFactor:1),AllReplicas:0) for partition __consumer_offsets-5 in response to UpdateMetadata request sent by controller 0 epoch 14 with correlation id 2 (state.change.logger)
[2017-09-22 10:59:13,954] TRACE Broker 0 cached leader info (LeaderAndIsrInfo:(Leader:0,ISR:0,LeaderEpoch:3,ControllerEpoch:6),ReplicationFactor:1),AllReplicas:0) for partition __consumer_offsets-38 in response to UpdateMetadata request sent by controller 0 epoch 14 with correlation id 2 (state.change.logger)
[2017-09-22 10:59:13,954] TRACE Broker 0 cached leader info (LeaderAndIsrInfo:(Leader:0,ISR:0,LeaderEpoch:3,ControllerEpoch:6),ReplicationFactor:1),AllReplicas:0) for partition __consumer_offsets-1 in response to UpdateMetadata request sent by controller 0 epoch 14 with correlation id 2 (state.change.logger)
[2017-09-22 10:59:13,954] TRACE Broker 0 cached leader info (LeaderAndIsrInfo:(Leader:0,ISR:0,LeaderEpoch:3,ControllerEpoch:6),ReplicationFactor:1),AllReplicas:0) for partition __consumer_offsets-34 in response to UpdateMetadata request sent by controller 0 epoch 14 with correlation id 2 (state.change.logger)
[2017-09-22 10:59:13,954] TRACE Broker 0 cached leader info (LeaderAndIsrInfo:(Leader:0,ISR:0,LeaderEpoch:3,ControllerEpoch:6),ReplicationFactor:1),AllReplicas:0) for partition __consumer_offsets-16 in response to UpdateMetadata request sent by controller 0 epoch 14 with correlation id 2 (state.change.logger)
[2017-09-22 10:59:13,954] TRACE Broker 0 cached leader info (LeaderAndIsrInfo:(Leader:0,ISR:0,LeaderEpoch:3,ControllerEpoch:6),ReplicationFactor:1),AllReplicas:0) for partition __consumer_offsets-45 in response to UpdateMetadata request sent by controller 0 epoch 14 with correlation id 2 (state.change.logger)
[2017-09-22 10:59:13,954] TRACE Broker 0 cached leader info (LeaderAndIsrInfo:(Leader:0,ISR:0,LeaderEpoch:3,ControllerEpoch:6),ReplicationFactor:1),AllReplicas:0) for partition __consumer_offsets-12 in response to UpdateMetadata request sent by controller 0 epoch 14 with correlation id 2 (state.change.logger)
[2017-09-22 10:59:13,954] TRACE Broker 0 cached leader info (LeaderAndIsrInfo:(Leader:0,ISR:0,LeaderEpoch:3,ControllerEpoch:6),ReplicationFactor:1),AllReplicas:0) for partition __consumer_offsets-41 in response to UpdateMetadata request sent by controller 0 epoch 14 with correlation id 2 (state.change.logger)
[2017-09-22 10:59:13,954] TRACE Broker 0 cached leader info (LeaderAndIsrInfo:(Leader:0,ISR:0,LeaderEpoch:3,ControllerEpoch:6),ReplicationFactor:1),AllReplicas:0) for partition __consumer_offsets-24 in response to UpdateMetadata request sent by controller 0 epoch 14 with correlation id 2 (state.change.logger)
[2017-09-22 10:59:13,954] TRACE Broker 0 cached leader info (LeaderAndIsrInfo:(Leader:0,ISR:0,LeaderEpoch:1,ControllerEpoch:6),ReplicationFactor:1),AllReplicas:0) for partition kafka-demo-0 in response to UpdateMetadata request sent by controller 0 epoch 14 with correlation id 2 (state.change.logger)
[2017-09-22 10:59:13,954] TRACE Broker 0 cached leader info (LeaderAndIsrInfo:(Leader:0,ISR:0,LeaderEpoch:3,ControllerEpoch:6),ReplicationFactor:1),AllReplicas:0) for partition __consumer_offsets-20 in response to UpdateMetadata request sent by controller 0 epoch 14 with correlation id 2 (state.change.logger)
[2017-09-22 10:59:13,954] TRACE Broker 0 cached leader info (LeaderAndIsrInfo:(Leader:0,ISR:0,LeaderEpoch:3,ControllerEpoch:6),ReplicationFactor:1),AllReplicas:0) for partition __consumer_offsets-49 in response to UpdateMetadata request sent by controller 0 epoch 14 with correlation id 2 (state.change.logger)
[2017-09-22 10:59:13,954] TRACE Broker 0 cached leader info (LeaderAndIsrInfo:(Leader:0,ISR:0,LeaderEpoch:3,ControllerEpoch:6),ReplicationFactor:1),AllReplicas:0) for partition __consumer_offsets-0 in response to UpdateMetadata request sent by controller 0 epoch 14 with correlation id 2 (state.change.logger)
[2017-09-22 10:59:13,954] TRACE Broker 0 cached leader info (LeaderAndIsrInfo:(Leader:0,ISR:0,LeaderEpoch:3,ControllerEpoch:6),ReplicationFactor:1),AllReplicas:0) for partition __consumer_offsets-29 in response to UpdateMetadata request sent by controller 0 epoch 14 with correlation id 2 (state.change.logger)
[2017-09-22 10:59:13,954] TRACE Broker 0 cached leader info (LeaderAndIsrInfo:(Leader:0,ISR:0,LeaderEpoch:3,ControllerEpoch:6),ReplicationFactor:1),AllReplicas:0) for partition __consumer_offsets-25 in response to UpdateMetadata request sent by controller 0 epoch 14 with correlation id 2 (state.change.logger)
[2017-09-22 10:59:13,954] TRACE Broker 0 cached leader info (LeaderAndIsrInfo:(Leader:0,ISR:0,LeaderEpoch:3,ControllerEpoch:6),ReplicationFactor:1),AllReplicas:0) for partition __consumer_offsets-8 in response to UpdateMetadata request sent by controller 0 epoch 14 with correlation id 2 (state.change.logger)
[2017-09-22 10:59:13,954] TRACE Broker 0 cached leader info (LeaderAndIsrInfo:(Leader:0,ISR:0,LeaderEpoch:3,ControllerEpoch:6),ReplicationFactor:1),AllReplicas:0) for partition __consumer_offsets-37 in response to UpdateMetadata request sent by controller 0 epoch 14 with correlation id 2 (state.change.logger)
[2017-09-22 10:59:13,954] TRACE Broker 0 cached leader info (LeaderAndIsrInfo:(Leader:0,ISR:0,LeaderEpoch:3,ControllerEpoch:6),ReplicationFactor:1),AllReplicas:0) for partition __consumer_offsets-4 in response to UpdateMetadata request sent by controller 0 epoch 14 with correlation id 2 (state.change.logger)
[2017-09-22 10:59:13,954] TRACE Broker 0 cached leader info (LeaderAndIsrInfo:(Leader:0,ISR:0,LeaderEpoch:3,ControllerEpoch:6),ReplicationFactor:1),AllReplicas:0) for partition __consumer_offsets-33 in response to UpdateMetadata request sent by controller 0 epoch 14 with correlation id 2 (state.change.logger)
[2017-09-22 10:59:13,954] TRACE Broker 0 cached leader info (LeaderAndIsrInfo:(Leader:0,ISR:0,LeaderEpoch:3,ControllerEpoch:6),ReplicationFactor:1),AllReplicas:0) for partition __consumer_offsets-15 in response to UpdateMetadata request sent by controller 0 epoch 14 with correlation id 2 (state.change.logger)
[2017-09-22 10:59:13,954] TRACE Broker 0 cached leader info (LeaderAndIsrInfo:(Leader:0,ISR:0,LeaderEpoch:3,ControllerEpoch:6),ReplicationFactor:1),AllReplicas:0) for partition __consumer_offsets-48 in response to UpdateMetadata request sent by controller 0 epoch 14 with correlation id 2 (state.change.logger)
[2017-09-22 10:59:13,954] TRACE Broker 0 cached leader info (LeaderAndIsrInfo:(Leader:0,ISR:0,LeaderEpoch:3,ControllerEpoch:6),ReplicationFactor:1),AllReplicas:0) for partition __consumer_offsets-11 in response to UpdateMetadata request sent by controller 0 epoch 14 with correlation id 2 (state.change.logger)
[2017-09-22 10:59:13,954] TRACE Broker 0 cached leader info (LeaderAndIsrInfo:(Leader:0,ISR:0,LeaderEpoch:3,ControllerEpoch:6),ReplicationFactor:1),AllReplicas:0) for partition __consumer_offsets-44 in response to UpdateMetadata request sent by controller 0 epoch 14 with correlation id 2 (state.change.logger)
[2017-09-22 10:59:13,954] TRACE Broker 0 cached leader info (LeaderAndIsrInfo:(Leader:0,ISR:0,LeaderEpoch:3,ControllerEpoch:6),ReplicationFactor:1),AllReplicas:0) for partition __consumer_offsets-23 in response to UpdateMetadata request sent by controller 0 epoch 14 with correlation id 2 (state.change.logger)
[2017-09-22 10:59:13,954] TRACE Broker 0 cached leader info (LeaderAndIsrInfo:(Leader:0,ISR:0,LeaderEpoch:3,ControllerEpoch:6),ReplicationFactor:1),AllReplicas:0) for partition __consumer_offsets-19 in response to UpdateMetadata request sent by controller 0 epoch 14 with correlation id 2 (state.change.logger)
[2017-09-22 10:59:13,954] TRACE Broker 0 cached leader info (LeaderAndIsrInfo:(Leader:0,ISR:0,LeaderEpoch:3,ControllerEpoch:6),ReplicationFactor:1),AllReplicas:0) for partition __consumer_offsets-32 in response to UpdateMetadata request sent by controller 0 epoch 14 with correlation id 2 (state.change.logger)
[2017-09-22 10:59:13,954] TRACE Broker 0 cached leader info (LeaderAndIsrInfo:(Leader:0,ISR:0,LeaderEpoch:3,ControllerEpoch:6),ReplicationFactor:1),AllReplicas:0) for partition __consumer_offsets-28 in response to UpdateMetadata request sent by controller 0 epoch 14 with correlation id 2 (state.change.logger)
[2017-09-22 10:59:13,954] TRACE Broker 0 cached leader info (LeaderAndIsrInfo:(Leader:0,ISR:0,LeaderEpoch:3,ControllerEpoch:6),ReplicationFactor:1),AllReplicas:0) for partition __consumer_offsets-7 in response to UpdateMetadata request sent by controller 0 epoch 14 with correlation id 2 (state.change.logger)
[2017-09-22 10:59:13,954] TRACE Broker 0 cached leader info (LeaderAndIsrInfo:(Leader:0,ISR:0,LeaderEpoch:3,ControllerEpoch:6),ReplicationFactor:1),AllReplicas:0) for partition __consumer_offsets-40 in response to UpdateMetadata request sent by controller 0 epoch 14 with correlation id 2 (state.change.logger)
[2017-09-22 10:59:13,954] TRACE Broker 0 cached leader info (LeaderAndIsrInfo:(Leader:0,ISR:0,LeaderEpoch:3,ControllerEpoch:6),ReplicationFactor:1),AllReplicas:0) for partition __consumer_offsets-3 in response to UpdateMetadata request sent by controller 0 epoch 14 with correlation id 2 (state.change.logger)
[2017-09-22 10:59:13,954] TRACE Broker 0 cached leader info (LeaderAndIsrInfo:(Leader:0,ISR:0,LeaderEpoch:3,ControllerEpoch:6),ReplicationFactor:1),AllReplicas:0) for partition __consumer_offsets-36 in response to UpdateMetadata request sent by controller 0 epoch 14 with correlation id 2 (state.change.logger)
[2017-09-22 10:59:13,954] TRACE Broker 0 cached leader info (LeaderAndIsrInfo:(Leader:0,ISR:0,LeaderEpoch:3,ControllerEpoch:6),ReplicationFactor:1),AllReplicas:0) for partition __consumer_offsets-47 in response to UpdateMetadata request sent by controller 0 epoch 14 with correlation id 2 (state.change.logger)
[2017-09-22 10:59:13,954] TRACE Broker 0 cached leader info (LeaderAndIsrInfo:(Leader:0,ISR:0,LeaderEpoch:3,ControllerEpoch:6),ReplicationFactor:1),AllReplicas:0) for partition __consumer_offsets-14 in response to UpdateMetadata request sent by controller 0 epoch 14 with correlation id 2 (state.change.logger)
[2017-09-22 10:59:13,954] TRACE Broker 0 cached leader info (LeaderAndIsrInfo:(Leader:0,ISR:0,LeaderEpoch:3,ControllerEpoch:6),ReplicationFactor:1),AllReplicas:0) for partition __consumer_offsets-43 in response to UpdateMetadata request sent by controller 0 epoch 14 with correlation id 2 (state.change.logger)
[2017-09-22 10:59:13,954] TRACE Broker 0 cached leader info (LeaderAndIsrInfo:(Leader:0,ISR:0,LeaderEpoch:4,ControllerEpoch:6),ReplicationFactor:1),AllReplicas:0) for partition test-0 in response to UpdateMetadata request sent by controller 0 epoch 14 with correlation id 2 (state.change.logger)
[2017-09-22 10:59:13,954] TRACE Broker 0 cached leader info (LeaderAndIsrInfo:(Leader:0,ISR:0,LeaderEpoch:3,ControllerEpoch:6),ReplicationFactor:1),AllReplicas:0) for partition __consumer_offsets-10 in response to UpdateMetadata request sent by controller 0 epoch 14 with correlation id 2 (state.change.logger)
[2017-09-22 10:59:13,954] TRACE Broker 0 cached leader info (LeaderAndIsrInfo:(Leader:0,ISR:0,LeaderEpoch:3,ControllerEpoch:6),ReplicationFactor:1),AllReplicas:0) for partition __consumer_offsets-22 in response to UpdateMetadata request sent by controller 0 epoch 14 with correlation id 2 (state.change.logger)
[2017-09-22 10:59:13,954] TRACE Broker 0 cached leader info (LeaderAndIsrInfo:(Leader:0,ISR:0,LeaderEpoch:3,ControllerEpoch:6),ReplicationFactor:1),AllReplicas:0) for partition __consumer_offsets-18 in response to UpdateMetadata request sent by controller 0 epoch 14 with correlation id 2 (state.change.logger)
[2017-09-22 10:59:13,954] TRACE Broker 0 cached leader info (LeaderAndIsrInfo:(Leader:0,ISR:0,LeaderEpoch:3,ControllerEpoch:6),ReplicationFactor:1),AllReplicas:0) for partition __consumer_offsets-31 in response to UpdateMetadata request sent by controller 0 epoch 14 with correlation id 2 (state.change.logger)
[2017-09-22 10:59:13,954] TRACE Broker 0 cached leader info (LeaderAndIsrInfo:(Leader:0,ISR:0,LeaderEpoch:3,ControllerEpoch:6),ReplicationFactor:1),AllReplicas:0) for partition __consumer_offsets-27 in response to UpdateMetadata request sent by controller 0 epoch 14 with correlation id 2 (state.change.logger)
[2017-09-22 10:59:13,954] TRACE Broker 0 cached leader info (LeaderAndIsrInfo:(Leader:0,ISR:0,LeaderEpoch:3,ControllerEpoch:6),ReplicationFactor:1),AllReplicas:0) for partition __consumer_offsets-39 in response to UpdateMetadata request sent by controller 0 epoch 14 with correlation id 2 (state.change.logger)
[2017-09-22 10:59:13,954] TRACE Broker 0 cached leader info (LeaderAndIsrInfo:(Leader:0,ISR:0,LeaderEpoch:3,ControllerEpoch:6),ReplicationFactor:1),AllReplicas:0) for partition __consumer_offsets-6 in response to UpdateMetadata request sent by controller 0 epoch 14 with correlation id 2 (state.change.logger)
[2017-09-22 10:59:13,954] TRACE Broker 0 cached leader info (LeaderAndIsrInfo:(Leader:0,ISR:0,LeaderEpoch:3,ControllerEpoch:6),ReplicationFactor:1),AllReplicas:0) for partition __consumer_offsets-35 in response to UpdateMetadata request sent by controller 0 epoch 14 with correlation id 2 (state.change.logger)
[2017-09-22 10:59:13,954] TRACE Broker 0 cached leader info (LeaderAndIsrInfo:(Leader:0,ISR:0,LeaderEpoch:3,ControllerEpoch:6),ReplicationFactor:1),AllReplicas:0) for partition __consumer_offsets-2 in response to UpdateMetadata request sent by controller 0 epoch 14 with correlation id 2 (state.change.logger)
[2017-09-22 10:59:13,954] TRACE Controller 0 epoch 14 received response {error_code=0} for a request sent to broker 192.168.34.56:9092 (id: 0 rack: null) (state.change.logger)
